<?xml version="1.0" encoding="UTF-8"?>
<testng-results ignored="0" total="1" passed="1" failed="0" skipped="0">
  <reporter-output>
  </reporter-output>
  <suite started-at="2024-09-07T22:49:39 IST" name="Suite" finished-at="2024-09-07T22:49:49 IST" duration-ms="10370">
    <groups>
    </groups>
    <test started-at="2024-09-07T22:49:39 IST" name="Test" finished-at="2024-09-07T22:49:49 IST" duration-ms="10370">
      <class name="testCases.TC_LoginTest">
        <test-method is-config="true" signature="setup()[pri:0, instance:testCases.TC_LoginTest@7c1e2a2d]" started-at="2024-09-07T22:49:39 IST" name="setup" finished-at="2024-09-07T22:49:47 IST" duration-ms="8009" status="PASS">
          <reporter-output>
          </reporter-output>
        </test-method> <!-- setup -->
        <test-method signature="verify_login()[pri:0, instance:testCases.TC_LoginTest@7c1e2a2d]" started-at="2024-09-07T22:49:47 IST" name="verify_login" finished-at="2024-09-07T22:49:49 IST" duration-ms="2302" status="PASS">
          <reporter-output>
          </reporter-output>
        </test-method> <!-- verify_login -->
        <test-method is-config="true" signature="tearDown()[pri:0, instance:testCases.TC_LoginTest@7c1e2a2d]" started-at="2024-09-07T22:49:49 IST" name="tearDown" finished-at="2024-09-07T22:49:49 IST" duration-ms="2" status="PASS">
          <reporter-output>
          </reporter-output>
        </test-method> <!-- tearDown -->
      </class> <!-- testCases.TC_LoginTest -->
    </test> <!-- Test -->
  </suite> <!-- Suite -->
</testng-results>
