<?xml version="1.0" encoding="UTF-8"?>
<testng-results ignored="0" total="2" passed="2" failed="0" skipped="0">
  <reporter-output>
  </reporter-output>
  <suite started-at="2024-09-08T00:08:21 IST" name="Suite" finished-at="2024-09-08T00:09:36 IST" duration-ms="74707">
    <groups>
    </groups>
    <test started-at="2024-09-08T00:08:21 IST" name="chromeTest" finished-at="2024-09-08T00:08:30 IST" duration-ms="8748">
      <class name="testCases.TC_LoginTest">
        <test-method is-config="true" signature="setup(java.lang.String)[pri:0, instance:testCases.TC_LoginTest@3d9f6567]" started-at="2024-09-08T00:08:21 IST" name="setup" finished-at="2024-09-08T00:08:29 IST" duration-ms="7125" status="PASS">
          <params>
            <param index="0">
              <value>
                <![CDATA[chrome]]>
              </value>
            </param>
          </params>
          <reporter-output>
          </reporter-output>
        </test-method> <!-- setup -->
        <test-method signature="verify_login()[pri:0, instance:testCases.TC_LoginTest@3d9f6567]" started-at="2024-09-08T00:08:29 IST" name="verify_login" finished-at="2024-09-08T00:08:30 IST" duration-ms="1566" status="PASS">
          <reporter-output>
          </reporter-output>
        </test-method> <!-- verify_login -->
        <test-method is-config="true" signature="tearDown()[pri:0, instance:testCases.TC_LoginTest@3d9f6567]" started-at="2024-09-08T00:08:30 IST" name="tearDown" finished-at="2024-09-08T00:08:30 IST" duration-ms="1" status="PASS">
          <reporter-output>
          </reporter-output>
        </test-method> <!-- tearDown -->
      </class> <!-- testCases.TC_LoginTest -->
    </test> <!-- chromeTest -->
    <test started-at="2024-09-08T00:08:30 IST" name="edgeTest" finished-at="2024-09-08T00:09:36 IST" duration-ms="65907">
      <class name="testCases.TC_LoginTest">
        <test-method is-config="true" signature="setup(java.lang.String)[pri:0, instance:testCases.TC_LoginTest@64a8c844]" started-at="2024-09-08T00:08:30 IST" name="setup" finished-at="2024-09-08T00:09:02 IST" duration-ms="31994" status="PASS">
          <params>
            <param index="0">
              <value>
                <![CDATA[edge]]>
              </value>
            </param>
          </params>
          <reporter-output>
          </reporter-output>
        </test-method> <!-- setup -->
        <test-method signature="verify_login()[pri:0, instance:testCases.TC_LoginTest@64a8c844]" started-at="2024-09-08T00:09:02 IST" name="verify_login" finished-at="2024-09-08T00:09:36 IST" duration-ms="33905" status="PASS">
          <reporter-output>
          </reporter-output>
        </test-method> <!-- verify_login -->
        <test-method is-config="true" signature="tearDown()[pri:0, instance:testCases.TC_LoginTest@64a8c844]" started-at="2024-09-08T00:09:36 IST" name="tearDown" finished-at="2024-09-08T00:09:36 IST" duration-ms="1" status="PASS">
          <reporter-output>
          </reporter-output>
        </test-method> <!-- tearDown -->
      </class> <!-- testCases.TC_LoginTest -->
    </test> <!-- edgeTest -->
  </suite> <!-- Suite -->
</testng-results>
